<?xml version="1.0" encoding="UTF-8"?>
<testsuite name="EncryptorTest" tests="2" skipped="0" failures="0" errors="0" timestamp="2022-01-22T18:12:35" hostname="MacBook-Pro-apple.local" time="0.021">
  <properties/>
  <testcase name="encryptEachWordTest()" classname="EncryptorTest" time="0.019"/>
  <testcase name="encryptOneWordTest()" classname="EncryptorTest" time="0.001"/>
  <system-out><![CDATA[]]></system-out>
  <system-err><![CDATA[]]></system-err>
</testsuite>
