<?xml version="1.0" encoding="UTF-8"?>
<testsuite name="ArraySorterTest" tests="1" skipped="0" failures="0" errors="0" timestamp="2022-01-22T18:12:35" hostname="MacBook-Pro-apple.local" time="0.001">
  <properties/>
  <testcase name="testOfSorting()" classname="ArraySorterTest" time="0.001"/>
  <system-out><![CDATA[]]></system-out>
  <system-err><![CDATA[]]></system-err>
</testsuite>
