<?xml version="1.0" encoding="UTF-8"?>
<testsuite name="CalculatorTest" tests="5" skipped="0" failures="0" errors="0" timestamp="2022-01-22T18:12:35" hostname="MacBook-Pro-apple.local" time="0.006">
  <properties/>
  <testcase name="testOfSum()" classname="CalculatorTest" time="0.002"/>
  <testcase name="testOfSubtraction()" classname="CalculatorTest" time="0.001"/>
  <testcase name="testOfDivision()" classname="CalculatorTest" time="0.001"/>
  <testcase name="by3Test()" classname="CalculatorTest" time="0.001"/>
  <testcase name="testOfMultiplication()" classname="CalculatorTest" time="0.001"/>
  <system-out><![CDATA[]]></system-out>
  <system-err><![CDATA[]]></system-err>
</testsuite>
